<?xml version="1.0" encoding="UTF-8" ?>
<testsuite tests="48" failures="2" name="TestSuite" time="228.761" errors="0" skipped="0">
  <properties>
[...]
</properties>
  <testcase classname="tests.AdvantagesFuncTest" name="openAdvantagesBlock" time="0.628"/>
  <testcase classname="tests.AdvantagesFuncTest" name="redirectToAdvantagesMap" time="1.516"/>
  <testcase classname="tests.AdvantagesFuncTest" name="redirectToMdmVideo" time="1.859"/>
  <testcase classname="tests.AdvantagesFuncTest" name="redirectToMetroMap" time="0.995"/>
  <testcase classname="tests.AdvantagesFuncTest" name="redirectToParkMap" time="0.974"/>
  <testcase classname="tests.AdvantagesFuncTest" name="redirectToParkingMap" time="0.935"/>
  <testcase classname="tests.AdvantagesFuncTest" name="redirectToTtkMap" time="0.987"/>
  <testcase classname="tests.ContactsFunctionalTest" name="openContactsBlock" time="0.127"/>
  <testcase classname="tests.ContactsFunctionalTest" name="redirectToGoogleMaps" time="6.408"/>
  <testcase classname="tests.EventsFunctionalTest" name="openEventsBlock" time="0.773"/>
  <testcase classname="tests.EventsFunctionalTest" name="redirectToBuyVipService" time="19.56"/>
  <testcase classname="tests.EventsFunctionalTest" name="redirectToEventInfo" time="1.384"/>
  <testcase classname="tests.EventsFunctionalTest" name="redirectToEventVIPInfo" time="1.39"/>
  <testcase classname="tests.InfrastructureFunctionalTest" name="openInfrastructureBlock" time="0.62"/>
  <testcase classname="tests.InfrastructureFunctionalTest" name="redirectToAllArendatorsTGILink" time="65.156"/>
  <testcase classname="tests.InfrastructureFunctionalTest" name="redirectToBankTrustLink" time="4.064"/>
  <testcase classname="tests.InfrastructureFunctionalTest" name="redirectToMusicleLink" time="24.654"/>
  <testcase classname="tests.InfrastructureFunctionalTest" name="redirectToRestaurantStarBucksLink" time="7.321"/>
  <testcase classname="tests.InfrastructureFunctionalTest" name="redirectToServiceDelovarLink" time="3.551"/>
  <testcase classname="tests.InfrastructureFunctionalTest" name="redirectToShopEliteLink" time="23.654"/>
  <testcase classname="tests.InfrastructureFunctionalTest" name="redirectToSportPilatesLink" time="3.962"/>
  <testcase classname="tests.LeftMenuFunctionalTest" name="redirectToConcertHallsRent" time="0.78"/>
  <testcase classname="tests.LeftMenuFunctionalTest" name="redirectToContactsLink" time="0.436"/>
  <testcase classname="tests.LeftMenuFunctionalTest" name="redirectToEventsLink" time="0.919"/>
  <testcase classname="tests.LeftMenuFunctionalTest" name="redirectToInfrastructureLink" time="0.643"/>
  <testcase classname="tests.LeftMenuFunctionalTest" name="redirectToMainPage" time="0.83"/>
  <testcase classname="tests.LeftMenuFunctionalTest" name="redirectToMdmHistory" time="0.626"/>
  <testcase classname="tests.LeftMenuFunctionalTest" name="redirectToPartnersLink" time="0.726"/>
  <testcase classname="tests.LeftMenuFunctionalTest" name="redirectToRoomsRentLink" time="0.437"/>
  <testcase classname="tests.MainPageFunctionalTest" name="closeAdvantagesBlock" time="2.217"/>
  <testcase classname="tests.MainPageFunctionalTest" name="closeEventsBlock" time="1.837"/>
  <testcase classname="tests.MainPageFunctionalTest" name="closeRentBlock" time="1.845"/>
  <testcase classname="tests.MainPageFunctionalTest" name="closeRestaurantsBlock" time="2.339"/>
  <testcase classname="tests.MainPageFunctionalTest" name="redirectToMediaStormLink" time="1.797"/>
  <testcase classname="tests.RentFunctionalTest" name="openRentBlock" time="0.55"/>
  <testcase classname="tests.RentFunctionalTest" name="redirectToAllRoomsLink" time="1.16"/>
  <testcase classname="tests.RentFunctionalTest" name="redirectToGreatHallLink" time="1.661"/>
  <testcase classname="tests.RentFunctionalTest" name="redirectToGreatHallOrder" time="6.032">
    <failure message="Expected condition failed: waiting for visibility of [[ChromeDriver: chrome on XP (7645b6ff679290a7358da20615beab24)] -&gt; xpath: //*[@class=&apos;g-block__action&apos;]//child::a[@href=&apos;/halls/great.html#gorent&apos;]] (tried for 5 second(s) with 500 MILLISECONDS interval)
Build info: version: &apos;3.4.0&apos;, revision: &apos;unknown&apos;, time: &apos;unknown&apos;
System info: host: &apos;TROLLIZER-PC&apos;, ip: &apos;192.168.116.16&apos;, os.name: &apos;Windows 7&apos;, os.arch: &apos;amd64&apos;, os.version: &apos;6.1&apos;, java.version: &apos;1.8.0_131&apos;
Driver info: org.openqa.selenium.chrome.ChromeDriver
Capabilities [{applicationCacheEnabled=false, rotatable=false, mobileEmulationEnabled=false, networkConnectionEnabled=false, chrome={chromedriverVersion=2.32.498550 (9dec58e66c31bcc53a9ce3c7226f0c1c5810906a), userDataDir=C:\Users\TROLLI~1\AppData\Local\Temp\scoped_dir8852_1041}, takesHeapSnapshot=true, pageLoadStrategy=normal, databaseEnabled=false, handlesAlerts=true, hasTouchScreen=false, version=61.0.3163.79, platform=XP, browserConnectionEnabled=false, nativeEvents=true, acceptSslCerts=true, locationContextEnabled=true, webStorageEnabled=true, browserName=chrome, takesScreenshot=true, javascriptEnabled=true, cssSelectorsEnabled=true, setWindowRect=true, unexpectedAlertBehaviour=}]
Session ID: 7645b6ff679290a7358da20615beab24" type="org.openqa.selenium.TimeoutException">org.openqa.selenium.TimeoutException: Expected condition failed: waiting for visibility of [[ChromeDriver: chrome on XP (7645b6ff679290a7358da20615beab24)] -&gt; xpath: //*[@class=&apos;g-block__action&apos;]//child::a[@href=&apos;/halls/great.html#gorent&apos;]] (tried for 5 second(s) with 500 MILLISECONDS interval)
Build info: version: &apos;3.4.0&apos;, revision: &apos;unknown&apos;, time: &apos;unknown&apos;
System info: host: &apos;TROLLIZER-PC&apos;, ip: &apos;192.168.116.16&apos;, os.name: &apos;Windows 7&apos;, os.arch: &apos;amd64&apos;, os.version: &apos;6.1&apos;, java.version: &apos;1.8.0_131&apos;
Driver info: org.openqa.selenium.chrome.ChromeDriver
Capabilities [{applicationCacheEnabled=false, rotatable=false, mobileEmulationEnabled=false, networkConnectionEnabled=false, chrome={chromedriverVersion=2.32.498550 (9dec58e66c31bcc53a9ce3c7226f0c1c5810906a), userDataDir=C:\Users\TROLLI~1\AppData\Local\Temp\scoped_dir8852_1041}, takesHeapSnapshot=true, pageLoadStrategy=normal, databaseEnabled=false, handlesAlerts=true, hasTouchScreen=false, version=61.0.3163.79, platform=XP, browserConnectionEnabled=false, nativeEvents=true, acceptSslCerts=true, locationContextEnabled=true, webStorageEnabled=true, browserName=chrome, takesScreenshot=true, javascriptEnabled=true, cssSelectorsEnabled=true, setWindowRect=true, unexpectedAlertBehaviour=}]
Session ID: 7645b6ff679290a7358da20615beab24
	at org.openqa.selenium.support.ui.WebDriverWait.timeoutException(WebDriverWait.java:80)
	at org.openqa.selenium.support.ui.FluentWait.until(FluentWait.java:232)
	at pages.StartPage.waitUntilVisible(StartPage.java:32)
	at pages.StartPage.clickGreatHallOrderLink(StartPage.java:315)
	at tests.RentFunctionalTest.redirectToGreatHallOrder(RentFunctionalTest.java:48)
</failure>
  </testcase>
  <testcase classname="tests.RentFunctionalTest" name="redirectToParquetHallLink" time="1.448"/>
  <testcase classname="tests.RentFunctionalTest" name="redirectToParquetHallOrder" time="6.106">
    <failure message="Expected condition failed: waiting for visibility of [[ChromeDriver: chrome on XP (7645b6ff679290a7358da20615beab24)] -&gt; xpath: //*[@class=&apos;g-block__action&apos;]//child::a[@href=&apos;/halls/parket.html#gorent&apos;]] (tried for 5 second(s) with 500 MILLISECONDS interval)
Build info: version: &apos;3.4.0&apos;, revision: &apos;unknown&apos;, time: &apos;unknown&apos;
System info: host: &apos;TROLLIZER-PC&apos;, ip: &apos;192.168.116.16&apos;, os.name: &apos;Windows 7&apos;, os.arch: &apos;amd64&apos;, os.version: &apos;6.1&apos;, java.version: &apos;1.8.0_131&apos;
Driver info: org.openqa.selenium.chrome.ChromeDriver
Capabilities [{applicationCacheEnabled=false, rotatable=false, mobileEmulationEnabled=false, networkConnectionEnabled=false, chrome={chromedriverVersion=2.32.498550 (9dec58e66c31bcc53a9ce3c7226f0c1c5810906a), userDataDir=C:\Users\TROLLI~1\AppData\Local\Temp\scoped_dir8852_1041}, takesHeapSnapshot=true, pageLoadStrategy=normal, databaseEnabled=false, handlesAlerts=true, hasTouchScreen=false, version=61.0.3163.79, platform=XP, browserConnectionEnabled=false, nativeEvents=true, acceptSslCerts=true, locationContextEnabled=true, webStorageEnabled=true, browserName=chrome, takesScreenshot=true, javascriptEnabled=true, cssSelectorsEnabled=true, setWindowRect=true, unexpectedAlertBehaviour=}]
Session ID: 7645b6ff679290a7358da20615beab24" type="org.openqa.selenium.TimeoutException">org.openqa.selenium.TimeoutException: Expected condition failed: waiting for visibility of [[ChromeDriver: chrome on XP (7645b6ff679290a7358da20615beab24)] -&gt; xpath: //*[@class=&apos;g-block__action&apos;]//child::a[@href=&apos;/halls/parket.html#gorent&apos;]] (tried for 5 second(s) with 500 MILLISECONDS interval)
Build info: version: &apos;3.4.0&apos;, revision: &apos;unknown&apos;, time: &apos;unknown&apos;
System info: host: &apos;TROLLIZER-PC&apos;, ip: &apos;192.168.116.16&apos;, os.name: &apos;Windows 7&apos;, os.arch: &apos;amd64&apos;, os.version: &apos;6.1&apos;, java.version: &apos;1.8.0_131&apos;
Driver info: org.openqa.selenium.chrome.ChromeDriver
Capabilities [{applicationCacheEnabled=false, rotatable=false, mobileEmulationEnabled=false, networkConnectionEnabled=false, chrome={chromedriverVersion=2.32.498550 (9dec58e66c31bcc53a9ce3c7226f0c1c5810906a), userDataDir=C:\Users\TROLLI~1\AppData\Local\Temp\scoped_dir8852_1041}, takesHeapSnapshot=true, pageLoadStrategy=normal, databaseEnabled=false, handlesAlerts=true, hasTouchScreen=false, version=61.0.3163.79, platform=XP, browserConnectionEnabled=false, nativeEvents=true, acceptSslCerts=true, locationContextEnabled=true, webStorageEnabled=true, browserName=chrome, takesScreenshot=true, javascriptEnabled=true, cssSelectorsEnabled=true, setWindowRect=true, unexpectedAlertBehaviour=}]
Session ID: 7645b6ff679290a7358da20615beab24
	at org.openqa.selenium.support.ui.WebDriverWait.timeoutException(WebDriverWait.java:80)
	at org.openqa.selenium.support.ui.FluentWait.until(FluentWait.java:232)
	at pages.StartPage.waitUntilVisible(StartPage.java:32)
	at pages.StartPage.clickParquetHallOrderLink(StartPage.java:320)
	at tests.RentFunctionalTest.redirectToParquetHallOrder(RentFunctionalTest.java:55)
</failure>
  </testcase>
  <testcase classname="tests.RentFunctionalTest" name="redirectToWatchAllRoomsLink" time="1.219"/>
  <testcase classname="tests.RestaurantsFunctionalTest" name="openRestaurantsBlock" time="1.12"/>
  <testcase classname="tests.RestaurantsFunctionalTest" name="redirectToAllArendatorsList" time="1.545"/>
  <testcase classname="tests.RestaurantsFunctionalTest" name="redirectToCoffeTimeWebSite" time="2.573"/>
  <testcase classname="tests.RestaurantsFunctionalTest" name="redirectToFudaWebSite" time="1.707"/>
  <testcase classname="tests.RestaurantsFunctionalTest" name="redirectToPrazdnikVkusaWebSite" time="9.012"/>
  <testcase classname="tests.RestaurantsFunctionalTest" name="redirectToRestaurantsMap" time="1.459"/>
  <testcase classname="tests.RestaurantsFunctionalTest" name="redirectToStarBucksWebSite" time="7.219"/>
</testsuite>